[❌ FAILED] https://mm.darmajaya.ac.id/MARONTOTO/
[❌ FAILED] https://dpmptsp.burukab.go.id/marontoto/
[❌ FAILED] https://ssc.untidar.ac.id/MARONTOTO/
[❌ FAILED] https://siakadup3ai.usk.ac.id/MARONTOTO/
[❌ FAILED] https://jurnal.polbang.ac.id/v1/public/?69=MARONTOTO
[❌ FAILED] https://ejournal.ubibanyuwangi.ac.id/run/?or_id=marontoto
[❌ FAILED] https://rumbuk.desa.id/cuings/?crome=MARONTOTO
[❌ FAILED] https://jawaiselatan.sambas.go.id/MARONTOTO/
[❌ FAILED] https://manggungharja.desa.id/kcfinder/MARONTOTO/
[❌ FAILED] https://purworejo-pungging.desa.id/cuings/?line=marontoto
[❌ FAILED] https://fik.uncen.ac.id/marontoto/
[❌ FAILED] https://e-sppd.bapenda.batubarakab.go.id/kabupaten/MARONTOTO/
[❌ FAILED] https://id.quora.com/Mengapa-link-situs-Marontoto-gabisa-di-buka-Adakah-info-link-alternatif
[❌ FAILED] https://thaisafetywelding.com/marontoto-alternatif-8/
[❌ FAILED] https://www.instagram.com/official.marontoto/
[❌ FAILED] https://mm.darmajaya.ac.id/MARONTOTO/
[❌ FAILED] https://dpmptsp.burukab.go.id/marontoto/
[❌ FAILED] https://ssc.untidar.ac.id/MARONTOTO/
[❌ FAILED] https://siakadup3ai.usk.ac.id/MARONTOTO/
[❌ FAILED] https://jurnal.polbang.ac.id/v1/public/?69=MARONTOTO
[❌ FAILED] https://ejournal.ubibanyuwangi.ac.id/run/?or_id=marontoto
[❌ FAILED] https://rumbuk.desa.id/cuings/?crome=MARONTOTO
[❌ FAILED] https://jawaiselatan.sambas.go.id/MARONTOTO/
[❌ FAILED] https://manggungharja.desa.id/kcfinder/MARONTOTO/
[❌ FAILED] https://purworejo-pungging.desa.id/cuings/?line=marontoto
[❌ FAILED] https://fik.uncen.ac.id/marontoto/
[❌ FAILED] https://e-sppd.bapenda.batubarakab.go.id/kabupaten/MARONTOTO/
[❌ FAILED] https://id.quora.com/Mengapa-link-situs-Marontoto-gabisa-di-buka-Adakah-info-link-alternatif
[❌ FAILED] https://thaisafetywelding.com/marontoto-alternatif-8/
[❌ FAILED] https://www.instagram.com/official.marontoto/
[❌ FAILED] https://mm.darmajaya.ac.id/MARONTOTO/
[❌ FAILED] https://dpmptsp.burukab.go.id/marontoto/
[❌ FAILED] https://ssc.untidar.ac.id/MARONTOTO/
