[ct4dmax.click] Gagal mengambil data dari skiddle setelah 3 kali.
[jawabet88max.space] Gagal mengambil data dari skiddle setelah 3 kali.
[tores4d1000-7bv.pages.dev] Gagal mengambil data dari skiddle setelah 3 kali.
[lptores4d.com] Gagal mengambil data dari skiddle setelah 3 kali.
[highgo2.space] Gagal mengambil data dari skiddle setelah 3 kali.
[highrtp3.com] Gagal mengambil data dari skiddle setelah 3 kali.
[hadiahhigh2.com] Gagal mengambil data dari skiddle setelah 3 kali.
[rtphaharu.com] Gagal mengambil data dari skiddle setelah 3 kali.
[123indoki.com] Gagal mengambil data dari skiddle setelah 3 kali.
[rtp123indomi.xyz] Gagal mengambil data dari skiddle setelah 3 kali.
[tores4dsah.com] Gagal mengambil data dari skiddle setelah 3 kali.
[highrtp3.com] Gagal mengambil data dari skiddle setelah 3 kali.
[highrtp3.com] Gagal mengambil data dari skiddle setelah 3 kali.
[jb88ku.beauty] Gagal mengambil data dari skiddle setelah 3 kali.
[highgo2.space] Gagal mengambil data dari skiddle setelah 3 kali.
[bamslku.world] Gagal mengambil data dari skiddle setelah 3 kali.
[xn--e1adnd0h.bldto.one] Gagal mengambil data dari skiddle setelah 3 kali.
[tores4d123.com] Gagal mengambil data dari skiddle setelah 3 kali.
[dana123super.net] Gagal mengambil data dari skiddle setelah 3 kali.
[dana123super.net] Gagal mengambil data dari skiddle setelah 3 kali.
